log file: logs/240727-155102.log
--------------------------------------------------------------------------------
Config 1 (totally 1 configs)
No.1 training process of 5
>>> dataset: restaurant
>>> output_dir: output
>>> SRD: 5
>>> learning_rate: 3e-05
>>> use_unique_bert: True
>>> use_bert_spc: False
>>> local_context_focus: fusion
>>> num_train_epochs: 5.0
>>> train_batch_size: 16
>>> dropout: 0.0
>>> max_seq_length: 80
>>> eval_batch_size: 32
>>> eval_steps: 20
>>> gradient_accumulation_steps: 1
>>> config_path: experiments.json
>>> device: cpu
>>> seed: 1
>>> bert_model: bert-base-uncased
>>> data_dir: atepc_datasets/restaurant
***** Running training *****
  Num examples = 3308
  Batch size = 16
  Num steps = 1030
################################################################################
Train 1 Epoch1
################################################################################
################################################################################
Train 1 Epoch2
################################################################################
################################################################################
Train 1 Epoch3
################################################################################
################################################################################
Train 1 Epoch4
################################################################################
********************************************************************************
Train 1 Epoch4, Evaluate for atepc_datasets/restaurant
APC_test_acc: 78.93(max: 78.93)  APC_test_f1: 72.02(max: 72.02)
********************************************************************************
********************************************************************************
Train 1 Epoch4, Evaluate for atepc_datasets/restaurant
APC_test_acc: 80.62(max: 80.62)  APC_test_f1: 71.87(max: 72.02)
********************************************************************************
********************************************************************************
Train 1 Epoch4, Evaluate for atepc_datasets/restaurant
APC_test_acc: 80.76(max: 80.76)  APC_test_f1: 73.74(max: 73.74)
********************************************************************************
********************************************************************************
Train 1 Epoch4, Evaluate for atepc_datasets/restaurant
APC_test_acc: 78.51(max: 80.76)  APC_test_f1: 71.97(max: 73.74)
********************************************************************************
********************************************************************************
Train 1 Epoch4, Evaluate for atepc_datasets/restaurant
APC_test_acc: 80.2(max: 80.76)  APC_test_f1: 74.0(max: 74.0)
********************************************************************************
********************************************************************************
Train 1 Epoch4, Evaluate for atepc_datasets/restaurant
APC_test_acc: 81.75(max: 81.75)  APC_test_f1: 73.86(max: 74.0)
********************************************************************************
********************************************************************************
Train 1 Epoch4, Evaluate for atepc_datasets/restaurant
APC_test_acc: 80.97(max: 81.75)  APC_test_f1: 73.72(max: 74.0)
********************************************************************************
********************************************************************************
Train 1 Epoch4, Evaluate for atepc_datasets/restaurant
APC_test_acc: 78.65(max: 81.75)  APC_test_f1: 71.69(max: 74.0)
********************************************************************************
********************************************************************************
Train 1 Epoch4, Evaluate for atepc_datasets/restaurant
APC_test_acc: 78.08(max: 81.75)  APC_test_f1: 71.31(max: 74.0)
********************************************************************************
********************************************************************************
Train 1 Epoch4, Evaluate for atepc_datasets/restaurant
APC_test_acc: 78.93(max: 81.75)  APC_test_f1: 72.45(max: 74.0)
********************************************************************************
################################################################################
Train 1 Epoch5
################################################################################
********************************************************************************
Train 1 Epoch5, Evaluate for atepc_datasets/restaurant
APC_test_acc: 79.99(max: 81.75)  APC_test_f1: 72.83(max: 74.0)
********************************************************************************
********************************************************************************
Train 1 Epoch5, Evaluate for atepc_datasets/restaurant
APC_test_acc: 80.76(max: 81.75)  APC_test_f1: 72.83(max: 74.0)
********************************************************************************
********************************************************************************
Train 1 Epoch5, Evaluate for atepc_datasets/restaurant
APC_test_acc: 80.83(max: 81.75)  APC_test_f1: 74.33(max: 74.33)
********************************************************************************
********************************************************************************
Train 1 Epoch5, Evaluate for atepc_datasets/restaurant
APC_test_acc: 81.04(max: 81.75)  APC_test_f1: 74.11(max: 74.33)
********************************************************************************
********************************************************************************
Train 1 Epoch5, Evaluate for atepc_datasets/restaurant
APC_test_acc: 78.44(max: 81.75)  APC_test_f1: 71.44(max: 74.33)
********************************************************************************
********************************************************************************
Train 1 Epoch5, Evaluate for atepc_datasets/restaurant
APC_test_acc: 80.62(max: 81.75)  APC_test_f1: 73.17(max: 74.33)
********************************************************************************
********************************************************************************
Train 1 Epoch5, Evaluate for atepc_datasets/restaurant
APC_test_acc: 79.07(max: 81.75)  APC_test_f1: 72.57(max: 74.33)
********************************************************************************
********************************************************************************
Train 1 Epoch5, Evaluate for atepc_datasets/restaurant
APC_test_acc: 80.55(max: 81.75)  APC_test_f1: 72.45(max: 74.33)
********************************************************************************
********************************************************************************
Train 1 Epoch5, Evaluate for atepc_datasets/restaurant
APC_test_acc: 79.92(max: 81.75)  APC_test_f1: 71.92(max: 74.33)
********************************************************************************
********************************************************************************
Train 1 Epoch5, Evaluate for atepc_datasets/restaurant
APC_test_acc: 78.65(max: 81.75)  APC_test_f1: 71.2(max: 74.33)
********************************************************************************
max_apc_test_acc: 81.75 	 max_apc_test_f1: 74.33 	
No.2 training process of 5
>>> dataset: restaurant
>>> output_dir: output
>>> SRD: 5
>>> learning_rate: 3e-05
>>> use_unique_bert: True
>>> use_bert_spc: False
>>> local_context_focus: fusion
>>> num_train_epochs: 5.0
>>> train_batch_size: 16
>>> dropout: 0.0
>>> max_seq_length: 80
>>> eval_batch_size: 32
>>> eval_steps: 20
>>> gradient_accumulation_steps: 1
>>> config_path: experiments.json
>>> device: cpu
>>> seed: 2
>>> bert_model: bert-base-uncased
>>> data_dir: atepc_datasets/restaurant
***** Running training *****
  Num examples = 3308
  Batch size = 16
  Num steps = 1030
################################################################################
Train 2 Epoch1
################################################################################
################################################################################
Train 2 Epoch2
################################################################################
################################################################################
Train 2 Epoch3
################################################################################
################################################################################
Train 2 Epoch4
################################################################################
********************************************************************************
Train 2 Epoch4, Evaluate for atepc_datasets/restaurant
APC_test_acc: 79.0(max: 79.0)  APC_test_f1: 70.85(max: 70.85)
********************************************************************************
********************************************************************************
Train 2 Epoch4, Evaluate for atepc_datasets/restaurant
APC_test_acc: 79.77(max: 79.77)  APC_test_f1: 72.51(max: 72.51)
********************************************************************************
********************************************************************************
Train 2 Epoch4, Evaluate for atepc_datasets/restaurant
APC_test_acc: 80.13(max: 80.13)  APC_test_f1: 72.44(max: 72.51)
********************************************************************************
********************************************************************************
Train 2 Epoch4, Evaluate for atepc_datasets/restaurant
APC_test_acc: 77.24(max: 80.13)  APC_test_f1: 69.19(max: 72.51)
********************************************************************************
********************************************************************************
Train 2 Epoch4, Evaluate for atepc_datasets/restaurant
APC_test_acc: 77.87(max: 80.13)  APC_test_f1: 71.61(max: 72.51)
********************************************************************************
********************************************************************************
Train 2 Epoch4, Evaluate for atepc_datasets/restaurant
APC_test_acc: 79.63(max: 80.13)  APC_test_f1: 71.41(max: 72.51)
********************************************************************************
********************************************************************************
Train 2 Epoch4, Evaluate for atepc_datasets/restaurant
APC_test_acc: 78.08(max: 80.13)  APC_test_f1: 70.01(max: 72.51)
********************************************************************************
********************************************************************************
Train 2 Epoch4, Evaluate for atepc_datasets/restaurant
APC_test_acc: 78.58(max: 80.13)  APC_test_f1: 70.77(max: 72.51)
********************************************************************************
********************************************************************************
Train 2 Epoch4, Evaluate for atepc_datasets/restaurant
APC_test_acc: 79.0(max: 80.13)  APC_test_f1: 69.65(max: 72.51)
********************************************************************************
********************************************************************************
Train 2 Epoch4, Evaluate for atepc_datasets/restaurant
APC_test_acc: 79.49(max: 80.13)  APC_test_f1: 71.88(max: 72.51)
********************************************************************************
################################################################################
Train 2 Epoch5
################################################################################
********************************************************************************
Train 2 Epoch5, Evaluate for atepc_datasets/restaurant
APC_test_acc: 78.44(max: 80.13)  APC_test_f1: 70.99(max: 72.51)
********************************************************************************
********************************************************************************
Train 2 Epoch5, Evaluate for atepc_datasets/restaurant
APC_test_acc: 80.69(max: 80.69)  APC_test_f1: 72.75(max: 72.75)
********************************************************************************
********************************************************************************
Train 2 Epoch5, Evaluate for atepc_datasets/restaurant
APC_test_acc: 79.56(max: 80.69)  APC_test_f1: 71.65(max: 72.75)
********************************************************************************
********************************************************************************
Train 2 Epoch5, Evaluate for atepc_datasets/restaurant
APC_test_acc: 79.28(max: 80.69)  APC_test_f1: 70.63(max: 72.75)
********************************************************************************
********************************************************************************
Train 2 Epoch5, Evaluate for atepc_datasets/restaurant
APC_test_acc: 79.49(max: 80.69)  APC_test_f1: 71.41(max: 72.75)
********************************************************************************
********************************************************************************
Train 2 Epoch5, Evaluate for atepc_datasets/restaurant
APC_test_acc: 79.63(max: 80.69)  APC_test_f1: 71.41(max: 72.75)
********************************************************************************
********************************************************************************
Train 2 Epoch5, Evaluate for atepc_datasets/restaurant
APC_test_acc: 76.89(max: 80.69)  APC_test_f1: 70.72(max: 72.75)
********************************************************************************
********************************************************************************
Train 2 Epoch5, Evaluate for atepc_datasets/restaurant
APC_test_acc: 80.06(max: 80.69)  APC_test_f1: 71.96(max: 72.75)
********************************************************************************
********************************************************************************
Train 2 Epoch5, Evaluate for atepc_datasets/restaurant
APC_test_acc: 79.63(max: 80.69)  APC_test_f1: 71.83(max: 72.75)
********************************************************************************
********************************************************************************
Train 2 Epoch5, Evaluate for atepc_datasets/restaurant
APC_test_acc: 80.13(max: 80.69)  APC_test_f1: 71.47(max: 72.75)
********************************************************************************
max_apc_test_acc: 81.75 	 max_apc_test_f1: 74.33 	
No.3 training process of 5
>>> dataset: restaurant
>>> output_dir: output
>>> SRD: 5
>>> learning_rate: 3e-05
>>> use_unique_bert: True
>>> use_bert_spc: False
>>> local_context_focus: fusion
>>> num_train_epochs: 5.0
>>> train_batch_size: 16
>>> dropout: 0.0
>>> max_seq_length: 80
>>> eval_batch_size: 32
>>> eval_steps: 20
>>> gradient_accumulation_steps: 1
>>> config_path: experiments.json
>>> device: cpu
>>> seed: 3
>>> bert_model: bert-base-uncased
>>> data_dir: atepc_datasets/restaurant
***** Running training *****
  Num examples = 3308
  Batch size = 16
  Num steps = 1030
################################################################################
Train 3 Epoch1
################################################################################
################################################################################
Train 3 Epoch2
################################################################################
################################################################################
Train 3 Epoch3
################################################################################
################################################################################
Train 3 Epoch4
################################################################################
********************************************************************************
Train 3 Epoch4, Evaluate for atepc_datasets/restaurant
APC_test_acc: 79.56(max: 79.56)  APC_test_f1: 70.92(max: 70.92)
********************************************************************************
********************************************************************************
Train 3 Epoch4, Evaluate for atepc_datasets/restaurant
APC_test_acc: 78.79(max: 79.56)  APC_test_f1: 71.15(max: 71.15)
********************************************************************************
********************************************************************************
Train 3 Epoch4, Evaluate for atepc_datasets/restaurant
APC_test_acc: 79.7(max: 79.7)  APC_test_f1: 72.69(max: 72.69)
********************************************************************************
********************************************************************************
Train 3 Epoch4, Evaluate for atepc_datasets/restaurant
APC_test_acc: 76.04(max: 79.7)  APC_test_f1: 69.71(max: 72.69)
********************************************************************************
********************************************************************************
Train 3 Epoch4, Evaluate for atepc_datasets/restaurant
APC_test_acc: 78.22(max: 79.7)  APC_test_f1: 71.12(max: 72.69)
********************************************************************************
********************************************************************************
Train 3 Epoch4, Evaluate for atepc_datasets/restaurant
APC_test_acc: 78.37(max: 79.7)  APC_test_f1: 69.32(max: 72.69)
********************************************************************************
********************************************************************************
Train 3 Epoch4, Evaluate for atepc_datasets/restaurant
APC_test_acc: 79.14(max: 79.7)  APC_test_f1: 71.81(max: 72.69)
********************************************************************************
********************************************************************************
Train 3 Epoch4, Evaluate for atepc_datasets/restaurant
APC_test_acc: 78.86(max: 79.7)  APC_test_f1: 71.6(max: 72.69)
********************************************************************************
********************************************************************************
Train 3 Epoch4, Evaluate for atepc_datasets/restaurant
APC_test_acc: 79.28(max: 79.7)  APC_test_f1: 69.78(max: 72.69)
********************************************************************************
********************************************************************************
Train 3 Epoch4, Evaluate for atepc_datasets/restaurant
APC_test_acc: 78.65(max: 79.7)  APC_test_f1: 71.06(max: 72.69)
********************************************************************************
################################################################################
Train 3 Epoch5
################################################################################
********************************************************************************
Train 3 Epoch5, Evaluate for atepc_datasets/restaurant
APC_test_acc: 77.1(max: 79.7)  APC_test_f1: 69.48(max: 72.69)
********************************************************************************
********************************************************************************
Train 3 Epoch5, Evaluate for atepc_datasets/restaurant
APC_test_acc: 80.27(max: 80.27)  APC_test_f1: 71.94(max: 72.69)
********************************************************************************
********************************************************************************
Train 3 Epoch5, Evaluate for atepc_datasets/restaurant
APC_test_acc: 80.13(max: 80.27)  APC_test_f1: 72.98(max: 72.98)
********************************************************************************
********************************************************************************
Train 3 Epoch5, Evaluate for atepc_datasets/restaurant
APC_test_acc: 79.92(max: 80.27)  APC_test_f1: 72.52(max: 72.98)
********************************************************************************
********************************************************************************
Train 3 Epoch5, Evaluate for atepc_datasets/restaurant
APC_test_acc: 78.86(max: 80.27)  APC_test_f1: 69.22(max: 72.98)
********************************************************************************
********************************************************************************
Train 3 Epoch5, Evaluate for atepc_datasets/restaurant
APC_test_acc: 79.07(max: 80.27)  APC_test_f1: 71.3(max: 72.98)
********************************************************************************
********************************************************************************
Train 3 Epoch5, Evaluate for atepc_datasets/restaurant
APC_test_acc: 76.74(max: 80.27)  APC_test_f1: 68.9(max: 72.98)
********************************************************************************
********************************************************************************
Train 3 Epoch5, Evaluate for atepc_datasets/restaurant
APC_test_acc: 78.79(max: 80.27)  APC_test_f1: 69.28(max: 72.98)
********************************************************************************
********************************************************************************
Train 3 Epoch5, Evaluate for atepc_datasets/restaurant
APC_test_acc: 77.31(max: 80.27)  APC_test_f1: 69.95(max: 72.98)
********************************************************************************
********************************************************************************
Train 3 Epoch5, Evaluate for atepc_datasets/restaurant
APC_test_acc: 78.93(max: 80.27)  APC_test_f1: 70.86(max: 72.98)
********************************************************************************
max_apc_test_acc: 81.75 	 max_apc_test_f1: 74.33 	
No.4 training process of 5
>>> dataset: restaurant
>>> output_dir: output
>>> SRD: 5
>>> learning_rate: 3e-05
>>> use_unique_bert: True
>>> use_bert_spc: False
>>> local_context_focus: fusion
>>> num_train_epochs: 5.0
>>> train_batch_size: 16
>>> dropout: 0.0
>>> max_seq_length: 80
>>> eval_batch_size: 32
>>> eval_steps: 20
>>> gradient_accumulation_steps: 1
>>> config_path: experiments.json
>>> device: cpu
>>> seed: 4
>>> bert_model: bert-base-uncased
>>> data_dir: atepc_datasets/restaurant
***** Running training *****
  Num examples = 3308
  Batch size = 16
  Num steps = 1030
################################################################################
Train 4 Epoch1
################################################################################
################################################################################
Train 4 Epoch2
################################################################################
################################################################################
Train 4 Epoch3
################################################################################
################################################################################
Train 4 Epoch4
################################################################################
********************************************************************************
Train 4 Epoch4, Evaluate for atepc_datasets/restaurant
APC_test_acc: 79.56(max: 79.56)  APC_test_f1: 71.6(max: 71.6)
********************************************************************************
********************************************************************************
Train 4 Epoch4, Evaluate for atepc_datasets/restaurant
APC_test_acc: 78.51(max: 79.56)  APC_test_f1: 69.26(max: 71.6)
********************************************************************************
********************************************************************************
Train 4 Epoch4, Evaluate for atepc_datasets/restaurant
APC_test_acc: 79.84(max: 79.84)  APC_test_f1: 71.57(max: 71.6)
********************************************************************************
********************************************************************************
Train 4 Epoch4, Evaluate for atepc_datasets/restaurant
APC_test_acc: 76.81(max: 79.84)  APC_test_f1: 70.03(max: 71.6)
********************************************************************************
********************************************************************************
Train 4 Epoch4, Evaluate for atepc_datasets/restaurant
APC_test_acc: 77.17(max: 79.84)  APC_test_f1: 70.15(max: 71.6)
********************************************************************************
********************************************************************************
Train 4 Epoch4, Evaluate for atepc_datasets/restaurant
APC_test_acc: 78.15(max: 79.84)  APC_test_f1: 69.92(max: 71.6)
********************************************************************************
********************************************************************************
Train 4 Epoch4, Evaluate for atepc_datasets/restaurant
APC_test_acc: 78.37(max: 79.84)  APC_test_f1: 70.19(max: 71.6)
********************************************************************************
********************************************************************************
Train 4 Epoch4, Evaluate for atepc_datasets/restaurant
APC_test_acc: 77.59(max: 79.84)  APC_test_f1: 69.77(max: 71.6)
********************************************************************************
********************************************************************************
Train 4 Epoch4, Evaluate for atepc_datasets/restaurant
APC_test_acc: 78.29(max: 79.84)  APC_test_f1: 69.47(max: 71.6)
********************************************************************************
********************************************************************************
Train 4 Epoch4, Evaluate for atepc_datasets/restaurant
APC_test_acc: 78.79(max: 79.84)  APC_test_f1: 70.28(max: 71.6)
********************************************************************************
################################################################################
Train 4 Epoch5
################################################################################
********************************************************************************
Train 4 Epoch5, Evaluate for atepc_datasets/restaurant
APC_test_acc: 77.31(max: 79.84)  APC_test_f1: 70.9(max: 71.6)
********************************************************************************
********************************************************************************
Train 4 Epoch5, Evaluate for atepc_datasets/restaurant
APC_test_acc: 79.07(max: 79.84)  APC_test_f1: 70.88(max: 71.6)
********************************************************************************
********************************************************************************
Train 4 Epoch5, Evaluate for atepc_datasets/restaurant
APC_test_acc: 80.06(max: 80.06)  APC_test_f1: 72.68(max: 72.68)
********************************************************************************
********************************************************************************
Train 4 Epoch5, Evaluate for atepc_datasets/restaurant
APC_test_acc: 79.21(max: 80.06)  APC_test_f1: 70.82(max: 72.68)
********************************************************************************
********************************************************************************
Train 4 Epoch5, Evaluate for atepc_datasets/restaurant
APC_test_acc: 79.42(max: 80.06)  APC_test_f1: 70.97(max: 72.68)
********************************************************************************
********************************************************************************
Train 4 Epoch5, Evaluate for atepc_datasets/restaurant
APC_test_acc: 79.63(max: 80.06)  APC_test_f1: 71.2(max: 72.68)
********************************************************************************
********************************************************************************
Train 4 Epoch5, Evaluate for atepc_datasets/restaurant
APC_test_acc: 73.78(max: 80.06)  APC_test_f1: 67.97(max: 72.68)
********************************************************************************
********************************************************************************
Train 4 Epoch5, Evaluate for atepc_datasets/restaurant
APC_test_acc: 79.35(max: 80.06)  APC_test_f1: 69.97(max: 72.68)
********************************************************************************
********************************************************************************
Train 4 Epoch5, Evaluate for atepc_datasets/restaurant
APC_test_acc: 78.86(max: 80.06)  APC_test_f1: 71.1(max: 72.68)
********************************************************************************
********************************************************************************
Train 4 Epoch5, Evaluate for atepc_datasets/restaurant
APC_test_acc: 77.31(max: 80.06)  APC_test_f1: 69.86(max: 72.68)
********************************************************************************
max_apc_test_acc: 81.75 	 max_apc_test_f1: 74.33 	
No.5 training process of 5
>>> dataset: restaurant
>>> output_dir: output
>>> SRD: 5
>>> learning_rate: 3e-05
>>> use_unique_bert: True
>>> use_bert_spc: False
>>> local_context_focus: fusion
>>> num_train_epochs: 5.0
>>> train_batch_size: 16
>>> dropout: 0.0
>>> max_seq_length: 80
>>> eval_batch_size: 32
>>> eval_steps: 20
>>> gradient_accumulation_steps: 1
>>> config_path: experiments.json
>>> device: cpu
>>> seed: 5
>>> bert_model: bert-base-uncased
>>> data_dir: atepc_datasets/restaurant
***** Running training *****
  Num examples = 3308
  Batch size = 16
  Num steps = 1030
################################################################################
Train 5 Epoch1
################################################################################
################################################################################
Train 5 Epoch2
################################################################################
################################################################################
Train 5 Epoch3
################################################################################
################################################################################
Train 5 Epoch4
################################################################################
********************************************************************************
Train 5 Epoch4, Evaluate for atepc_datasets/restaurant
APC_test_acc: 80.13(max: 80.13)  APC_test_f1: 72.18(max: 72.18)
********************************************************************************
********************************************************************************
Train 5 Epoch4, Evaluate for atepc_datasets/restaurant
APC_test_acc: 79.99(max: 80.13)  APC_test_f1: 71.99(max: 72.18)
********************************************************************************
********************************************************************************
Train 5 Epoch4, Evaluate for atepc_datasets/restaurant
APC_test_acc: 80.34(max: 80.34)  APC_test_f1: 72.76(max: 72.76)
********************************************************************************
********************************************************************************
Train 5 Epoch4, Evaluate for atepc_datasets/restaurant
APC_test_acc: 77.8(max: 80.34)  APC_test_f1: 71.39(max: 72.76)
********************************************************************************
********************************************************************************
Train 5 Epoch4, Evaluate for atepc_datasets/restaurant
APC_test_acc: 78.44(max: 80.34)  APC_test_f1: 71.91(max: 72.76)
********************************************************************************
********************************************************************************
Train 5 Epoch4, Evaluate for atepc_datasets/restaurant
APC_test_acc: 80.2(max: 80.34)  APC_test_f1: 71.87(max: 72.76)
********************************************************************************
********************************************************************************
Train 5 Epoch4, Evaluate for atepc_datasets/restaurant
APC_test_acc: 78.65(max: 80.34)  APC_test_f1: 70.04(max: 72.76)
********************************************************************************
********************************************************************************
Train 5 Epoch4, Evaluate for atepc_datasets/restaurant
APC_test_acc: 77.66(max: 80.34)  APC_test_f1: 70.86(max: 72.76)
********************************************************************************
********************************************************************************
Train 5 Epoch4, Evaluate for atepc_datasets/restaurant
APC_test_acc: 78.65(max: 80.34)  APC_test_f1: 69.76(max: 72.76)
********************************************************************************
********************************************************************************
Train 5 Epoch4, Evaluate for atepc_datasets/restaurant
APC_test_acc: 79.28(max: 80.34)  APC_test_f1: 69.94(max: 72.76)
********************************************************************************
################################################################################
Train 5 Epoch5
################################################################################
********************************************************************************
Train 5 Epoch5, Evaluate for atepc_datasets/restaurant
APC_test_acc: 77.24(max: 80.34)  APC_test_f1: 70.14(max: 72.76)
********************************************************************************
********************************************************************************
Train 5 Epoch5, Evaluate for atepc_datasets/restaurant
APC_test_acc: 78.22(max: 80.34)  APC_test_f1: 69.75(max: 72.76)
********************************************************************************
********************************************************************************
Train 5 Epoch5, Evaluate for atepc_datasets/restaurant
APC_test_acc: 79.63(max: 80.34)  APC_test_f1: 71.63(max: 72.76)
********************************************************************************
********************************************************************************
Train 5 Epoch5, Evaluate for atepc_datasets/restaurant
APC_test_acc: 78.72(max: 80.34)  APC_test_f1: 70.3(max: 72.76)
********************************************************************************
********************************************************************************
Train 5 Epoch5, Evaluate for atepc_datasets/restaurant
APC_test_acc: 78.51(max: 80.34)  APC_test_f1: 71.05(max: 72.76)
********************************************************************************
********************************************************************************
Train 5 Epoch5, Evaluate for atepc_datasets/restaurant
APC_test_acc: 77.73(max: 80.34)  APC_test_f1: 70.15(max: 72.76)
********************************************************************************
********************************************************************************
Train 5 Epoch5, Evaluate for atepc_datasets/restaurant
APC_test_acc: 77.17(max: 80.34)  APC_test_f1: 70.74(max: 72.76)
********************************************************************************
********************************************************************************
Train 5 Epoch5, Evaluate for atepc_datasets/restaurant
APC_test_acc: 79.35(max: 80.34)  APC_test_f1: 70.52(max: 72.76)
********************************************************************************
********************************************************************************
Train 5 Epoch5, Evaluate for atepc_datasets/restaurant
APC_test_acc: 79.14(max: 80.34)  APC_test_f1: 71.45(max: 72.76)
********************************************************************************
********************************************************************************
Train 5 Epoch5, Evaluate for atepc_datasets/restaurant
APC_test_acc: 77.94(max: 80.34)  APC_test_f1: 71.04(max: 72.76)
********************************************************************************
max_apc_test_acc: 81.75 	 max_apc_test_f1: 74.33 	
